# JRE version: OpenJDK Runtime Environment Temurin-17.0.17+10 (17.0.17+10) (build 17.0.17+10)
# Java VM: OpenJDK 64-Bit Server VM Temurin-17.0.17+10 (17.0.17+10, mixed mode, sharing, tiered, compressed oops, compressed class ptrs, g1 gc, windows-amd64)
GC Precious Log:
 CPUs: 12 total, 12 available
 Memory: 16022M
 Large Page Support: Disabled
 NUMA Support: Disabled
 Compressed Oops: Enabled (Zero based)
 Heap Region Size: 2M
 Heap Min Capacity: 8M
 Heap Initial Capacity: 252M
 Heap Max Capacity: 4006M
 Pre-touch: Disabled
 Parallel Workers: 10
 Concurrent Workers: 3
 Concurrent Refinement Workers: 10
 Periodic GC: Disabled
Heap:
 garbage-first heap   total 81920K, used 32156K [0x0000000705a00000, 0x0000000800000000)
  region size 2048K, 3 young (6144K), 2 survivors (4096K)
 Metaspace       used 81630K, committed 82496K, reserved 1179648K
  class space    used 10805K, committed 11264K, reserved 1048576K
GC Heap History (20 events):
Event: 1053.382 GC heap before
{Heap before GC invocations=34 (full 4):
 garbage-first heap   total 81920K, used 59785K [0x0000000705a00000, 0x0000000800000000)
  region size 2048K, 15 young (30720K), 2 survivors (4096K)
 Metaspace       used 79790K, committed 80512K, reserved 1179648K
  class space    used 10650K, committed 11008K, reserved 1048576K
}
Event: 1053.384 GC heap after
{Heap after GC invocations=35 (full 4):
 garbage-first heap   total 81920K, used 33865K [0x0000000705a00000, 0x0000000800000000)
  region size 2048K, 2 young (4096K), 2 survivors (4096K)
 Metaspace       used 79790K, committed 80512K, reserved 1179648K
  class space    used 10650K, committed 11008K, reserved 1048576K
}
Event: 1067.434 GC heap before
{Heap before GC invocations=35 (full 4):
 garbage-first heap   total 81920K, used 52297K [0x0000000705a00000, 0x0000000800000000)
  region size 2048K, 12 young (24576K), 2 survivors (4096K)
 Metaspace       used 79862K, committed 80576K, reserved 1179648K
  class space    used 10655K, committed 11008K, reserved 1048576K
}
Event: 1067.493 GC heap after
{Heap after GC invocations=36 (full 5):
 garbage-first heap   total 81920K, used 28509K [0x0000000705a00000, 0x0000000800000000)
  region size 2048K, 0 young (0K), 0 survivors (0K)
 Metaspace       used 79859K, committed 80576K, reserved 1179648K
  class space    used 10655K, committed 11008K, reserved 1048576K
}
Event: 1068.236 GC heap before
{Heap before GC invocations=36 (full 5):
 garbage-first heap   total 81920K, used 63325K [0x0000000705a00000, 0x0000000800000000)
  region size 2048K, 17 young (34816K), 0 survivors (0K)
 Metaspace       used 80110K, committed 80832K, reserved 1179648K
  class space    used 10686K, committed 11072K, reserved 1048576K
}
Event: 1068.239 GC heap after
{Heap after GC invocations=37 (full 5):
 garbage-first heap   total 81920K, used 31726K [0x0000000705a00000, 0x0000000800000000)
  region size 2048K, 2 young (4096K), 2 survivors (4096K)
 Metaspace       used 80110K, committed 80832K, reserved 1179648K
  class space    used 10686K, committed 11072K, reserved 1048576K
}
Event: 1068.768 GC heap before
{Heap before GC invocations=37 (full 5):
 garbage-first heap   total 81920K, used 62446K [0x0000000705a00000, 0x0000000800000000)
  region size 2048K, 17 young (34816K), 2 survivors (4096K)
 Metaspace       used 80459K, committed 81216K, reserved 1179648K
  class space    used 10704K, committed 11072K, reserved 1048576K
}
Event: 1068.773 GC heap after
{Heap after GC invocations=38 (full 5):
 garbage-first heap   total 81920K, used 33580K [0x0000000705a00000, 0x0000000800000000)
  region size 2048K, 3 young (6144K), 3 survivors (6144K)
 Metaspace       used 80459K, committed 81216K, reserved 1179648K
  class space    used 10704K, committed 11072K, reserved 1048576K
}
Event: 1069.022 GC heap before
{Heap before GC invocations=38 (full 5):
 garbage-first heap   total 81920K, used 64300K [0x0000000705a00000, 0x0000000800000000)
  region size 2048K, 18 young (36864K), 3 survivors (6144K)
 Metaspace       used 80655K, committed 81472K, reserved 1179648K
  class space    used 10718K, committed 11136K, reserved 1048576K
}
Event: 1069.026 GC heap after
{Heap after GC invocations=39 (full 5):
 garbage-first heap   total 81920K, used 35089K [0x0000000705a00000, 0x0000000800000000)
  region size 2048K, 2 young (4096K), 2 survivors (4096K)
 Metaspace       used 80655K, committed 81472K, reserved 1179648K
  class space    used 10718K, committed 11136K, reserved 1048576K
}
Event: 1084.003 GC heap before
{Heap before GC invocations=39 (full 5):
 garbage-first heap   total 81920K, used 45329K [0x0000000705a00000, 0x0000000800000000)
  region size 2048K, 8 young (16384K), 2 survivors (4096K)
 Metaspace       used 80667K, committed 81472K, reserved 1179648K
  class space    used 10718K, committed 11136K, reserved 1048576K
}
Event: 1084.080 GC heap after
{Heap after GC invocations=40 (full 6):
 garbage-first heap   total 81920K, used 28763K [0x0000000705a00000, 0x0000000800000000)
  region size 2048K, 0 young (0K), 0 survivors (0K)
 Metaspace       used 80665K, committed 81472K, reserved 1179648K
  class space    used 10718K, committed 11136K, reserved 1048576K
}
Event: 1084.739 GC heap before
{Heap before GC invocations=40 (full 6):
 garbage-first heap   total 81920K, used 63579K [0x0000000705a00000, 0x0000000800000000)
  region size 2048K, 17 young (34816K), 0 survivors (0K)
 Metaspace       used 80891K, committed 81792K, reserved 1179648K
  class space    used 10745K, committed 11200K, reserved 1048576K
}
Event: 1084.743 GC heap after
{Heap after GC invocations=41 (full 6):
 garbage-first heap   total 81920K, used 32081K [0x0000000705a00000, 0x0000000800000000)
  region size 2048K, 2 young (4096K), 2 survivors (4096K)
 Metaspace       used 80891K, committed 81792K, reserved 1179648K
  class space    used 10745K, committed 11200K, reserved 1048576K
}
Event: 1085.215 GC heap before
{Heap before GC invocations=41 (full 6):
 garbage-first heap   total 81920K, used 62801K [0x0000000705a00000, 0x0000000800000000)
  region size 2048K, 17 young (34816K), 2 survivors (4096K)
 Metaspace       used 81186K, committed 81984K, reserved 1179648K
  class space    used 10763K, committed 11200K, reserved 1048576K
}
Event: 1085.218 GC heap after
{Heap after GC invocations=42 (full 6):
 garbage-first heap   total 81920K, used 33788K [0x0000000705a00000, 0x0000000800000000)
  region size 2048K, 3 young (6144K), 3 survivors (6144K)
 Metaspace       used 81186K, committed 81984K, reserved 1179648K
  class space    used 10763K, committed 11200K, reserved 1048576K
}
Event: 1085.424 GC heap before
{Heap before GC invocations=42 (full 6):
 garbage-first heap   total 81920K, used 62460K [0x0000000705a00000, 0x0000000800000000)
  region size 2048K, 17 young (34816K), 3 survivors (6144K)
 Metaspace       used 81386K, committed 82176K, reserved 1179648K
  class space    used 10775K, committed 11200K, reserved 1048576K
}
Event: 1085.428 GC heap after
{Heap after GC invocations=43 (full 6):
 garbage-first heap   total 81920K, used 35095K [0x0000000705a00000, 0x0000000800000000)
  region size 2048K, 2 young (4096K), 2 survivors (4096K)
 Metaspace       used 81386K, committed 82176K, reserved 1179648K
  class space    used 10775K, committed 11200K, reserved 1048576K
}
Event: 1102.536 GC heap before
{Heap before GC invocations=43 (full 6):
 garbage-first heap   total 81920K, used 47383K [0x0000000705a00000, 0x0000000800000000)
  region size 2048K, 9 young (18432K), 2 survivors (4096K)
 Metaspace       used 81400K, committed 82240K, reserved 1179648K
  class space    used 10775K, committed 11200K, reserved 1048576K
}
Event: 1102.597 GC heap after
{Heap after GC invocations=44 (full 7):
 garbage-first heap   total 81920K, used 29099K [0x0000000705a00000, 0x0000000800000000)
  region size 2048K, 0 young (0K), 0 survivors (0K)
 Metaspace       used 81397K, committed 82240K, reserved 1179648K
  class space    used 10775K, committed 11200K, reserved 1048576K
}

